2019-08-27 12:06:11,122 - D:/WUD/wud`s_git/NS_Server_Kafka_3.0/respond_server/merge_rst_data.py[line:247] - INFO: IntergrationResultFiles threading start
2019-08-27 12:06:11,122 - D:/WUD/wud`s_git/NS_Server_Kafka_3.0/respond_server/merge_rst_data.py[line:247] - INFO: IntergrationResultFiles threading start
2019-08-27 12:06:11,122 - D:/WUD/wud`s_git/NS_Server_Kafka_3.0/respond_server/merge_rst_data.py[line:247] - INFO: IntergrationResultFiles threading start
2019-08-27 12:06:11,122 - D:/WUD/wud`s_git/NS_Server_Kafka_3.0/respond_server/merge_rst_data.py[line:250] - INFO: compare_data threading start
2019-08-27 12:06:11,122 - D:/WUD/wud`s_git/NS_Server_Kafka_3.0/respond_server/merge_rst_data.py[line:250] - INFO: compare_data threading start
2019-08-27 12:06:11,122 - D:/WUD/wud`s_git/NS_Server_Kafka_3.0/respond_server/merge_rst_data.py[line:250] - INFO: compare_data threading start
2019-08-27 12:06:11,138 - D:/WUD/wud`s_git/NS_Server_Kafka_3.0/respond_server/merge_rst_data.py[line:253] - INFO: IntergrationResultFiles threading start
2019-08-27 12:06:11,138 - D:/WUD/wud`s_git/NS_Server_Kafka_3.0/respond_server/merge_rst_data.py[line:253] - INFO: IntergrationResultFiles threading start
2019-08-27 12:06:11,138 - D:/WUD/wud`s_git/NS_Server_Kafka_3.0/respond_server/merge_rst_data.py[line:253] - INFO: IntergrationResultFiles threading start
2019-08-27 12:06:11,138 - D:/WUD/wud`s_git/NS_Server_Kafka_3.0/respond_server/merge_rst_data.py[line:254] - INFO: Respond Server Monitor System Beginning ^_^
2019-08-27 12:06:11,138 - D:/WUD/wud`s_git/NS_Server_Kafka_3.0/respond_server/merge_rst_data.py[line:254] - INFO: Respond Server Monitor System Beginning ^_^
2019-08-27 12:06:11,138 - D:/WUD/wud`s_git/NS_Server_Kafka_3.0/respond_server/merge_rst_data.py[line:254] - INFO: Respond Server Monitor System Beginning ^_^
2019-08-27 12:31:17,138 - D:/WUD/wud`s_git/kafka_learning/respond_server/merge_rst_data.py[line:244] - INFO: IntergrationResultFiles threading start
2019-08-27 12:31:17,138 - D:/WUD/wud`s_git/kafka_learning/respond_server/merge_rst_data.py[line:244] - INFO: IntergrationResultFiles threading start
2019-08-27 12:31:17,138 - D:/WUD/wud`s_git/kafka_learning/respond_server/merge_rst_data.py[line:244] - INFO: IntergrationResultFiles threading start
2019-08-27 12:31:17,138 - D:/WUD/wud`s_git/kafka_learning/respond_server/merge_rst_data.py[line:246] - INFO: compare_data threading start
2019-08-27 12:31:17,138 - D:/WUD/wud`s_git/kafka_learning/respond_server/merge_rst_data.py[line:246] - INFO: compare_data threading start
2019-08-27 12:31:17,138 - D:/WUD/wud`s_git/kafka_learning/respond_server/merge_rst_data.py[line:246] - INFO: compare_data threading start
2019-08-27 12:31:17,138 - D:/WUD/wud`s_git/kafka_learning/respond_server/merge_rst_data.py[line:248] - INFO: IntergrationResultFiles threading start
2019-08-27 12:31:17,138 - D:/WUD/wud`s_git/kafka_learning/respond_server/merge_rst_data.py[line:248] - INFO: IntergrationResultFiles threading start
2019-08-27 12:31:17,138 - D:/WUD/wud`s_git/kafka_learning/respond_server/merge_rst_data.py[line:248] - INFO: IntergrationResultFiles threading start
2019-08-27 12:31:17,145 - D:/WUD/wud`s_git/kafka_learning/respond_server/merge_rst_data.py[line:252] - INFO: Respond Server Monitor System Beginning 0_-
2019-08-27 12:31:17,145 - D:/WUD/wud`s_git/kafka_learning/respond_server/merge_rst_data.py[line:252] - INFO: Respond Server Monitor System Beginning 0_-
2019-08-27 12:31:17,145 - D:/WUD/wud`s_git/kafka_learning/respond_server/merge_rst_data.py[line:252] - INFO: Respond Server Monitor System Beginning 0_-
